<?xml version="1.0" encoding="UTF-8"?>
<!-- Generated by org.testng.reporters.JUnitReportReporter -->
<testsuite hostname="DESKTOP-6G8EJMJ" failures="0" tests="1" name="MavenProject.Mvn.Alert2" time="1.124" errors="0" timestamp="2023-03-20T12:15:16 IST" skipped="0">
  <testcase classname="MavenProject.Mvn.Alert2" name="alert" time="1.124"/>
  <system-out/>
</testsuite> <!-- MavenProject.Mvn.Alert2 -->
