<?xml version="1.0" encoding="UTF-8"?>
<!-- Generated by org.testng.reporters.JUnitReportReporter -->
<testsuite hostname="DESKTOP-6G8EJMJ" failures="0" tests="1" name="MavenProject.Mvn.Alerts" time="0.156" errors="0" timestamp="2023-03-20T11:51:32 IST" skipped="0">
  <testcase classname="MavenProject.Mvn.Alerts" name="alert" time="0.156"/>
  <system-out/>
</testsuite> <!-- MavenProject.Mvn.Alerts -->
